This is XeTeX, Version 3.1415926-2.5-0.9999.3 (TeX Live 2013/Debian) (format=xelatex 2014.10.21)  22 OCT 2014 16:03
entering extended mode
 restricted \write18 enabled.
 %&-line parsing enabled.
**sphinx.tex
(./sphinx.tex
LaTeX2e <2011/06/27>
Babel <3.9h> and hyphenation patterns for 2 languages loaded.
(./sphinxmanual.cls
Document Class: sphinxmanual 2009/06/02 Document class (Sphinx manual)
(/usr/share/texlive/texmf-dist/tex/latex/base/report.cls
Document Class: report 2007/10/19 v1.4h Standard LaTeX document class
(/usr/share/texlive/texmf-dist/tex/latex/base/size10.clo
File: size10.clo 2007/10/19 v1.4h Standard LaTeX file (size option)
)
\c@part=\count80
\c@chapter=\count81
\c@section=\count82
\c@subsection=\count83
\c@subsubsection=\count84
\c@paragraph=\count85
\c@subparagraph=\count86
\c@figure=\count87
\c@table=\count88
\abovecaptionskip=\skip41
\belowcaptionskip=\skip42
\bibindent=\dimen102
))
(/usr/share/texlive/texmf-dist/tex/latex/base/inputenc.sty
Package: inputenc 2008/03/30 v1.1d Input encoding file
\inpenc@prehook=\toks14
\inpenc@posthook=\toks15

(/usr/share/texlive/texmf-dist/tex/latex/base/utf8.def
File: utf8.def 2008/04/05 v1.1m UTF-8 support for inputenc
Now handling font encoding OML ...
... no UTF-8 mapping file for font encoding OML
Now handling font encoding T1 ...
... processing UTF-8 mapping file for font encoding T1

(/usr/share/texlive/texmf-dist/tex/latex/base/t1enc.dfu
File: t1enc.dfu 2008/04/05 v1.1m UTF-8 support for inputenc
   defining Unicode char U+00A1 (decimal 161)
   defining Unicode char U+00A3 (decimal 163)
   defining Unicode char U+00AB (decimal 171)
   defining Unicode char U+00BB (decimal 187)
   defining Unicode char U+00BF (decimal 191)
   defining Unicode char U+00C0 (decimal 192)
   defining Unicode char U+00C1 (decimal 193)
   defining Unicode char U+00C2 (decimal 194)
   defining Unicode char U+00C3 (decimal 195)
   defining Unicode char U+00C4 (decimal 196)
   defining Unicode char U+00C5 (decimal 197)
   defining Unicode char U+00C6 (decimal 198)
   defining Unicode char U+00C7 (decimal 199)
   defining Unicode char U+00C8 (decimal 200)
   defining Unicode char U+00C9 (decimal 201)
   defining Unicode char U+00CA (decimal 202)
   defining Unicode char U+00CB (decimal 203)
   defining Unicode char U+00CC (decimal 204)
   defining Unicode char U+00CD (decimal 205)
   defining Unicode char U+00CE (decimal 206)
   defining Unicode char U+00CF (decimal 207)
   defining Unicode char U+00D0 (decimal 208)
   defining Unicode char U+00D1 (decimal 209)
   defining Unicode char U+00D2 (decimal 210)
   defining Unicode char U+00D3 (decimal 211)
   defining Unicode char U+00D4 (decimal 212)
   defining Unicode char U+00D5 (decimal 213)
   defining Unicode char U+00D6 (decimal 214)
   defining Unicode char U+00D8 (decimal 216)
   defining Unicode char U+00D9 (decimal 217)
   defining Unicode char U+00DA (decimal 218)
   defining Unicode char U+00DB (decimal 219)
   defining Unicode char U+00DC (decimal 220)
   defining Unicode char U+00DD (decimal 221)
   defining Unicode char U+00DE (decimal 222)
   defining Unicode char U+00DF (decimal 223)
   defining Unicode char U+00E0 (decimal 224)
   defining Unicode char U+00E1 (decimal 225)
   defining Unicode char U+00E2 (decimal 226)
   defining Unicode char U+00E3 (decimal 227)
   defining Unicode char U+00E4 (decimal 228)
   defining Unicode char U+00E5 (decimal 229)
   defining Unicode char U+00E6 (decimal 230)
   defining Unicode char U+00E7 (decimal 231)
   defining Unicode char U+00E8 (decimal 232)
   defining Unicode char U+00E9 (decimal 233)
   defining Unicode char U+00EA (decimal 234)
   defining Unicode char U+00EB (decimal 235)
   defining Unicode char U+00EC (decimal 236)
   defining Unicode char U+00ED (decimal 237)
   defining Unicode char U+00EE (decimal 238)
   defining Unicode char U+00EF (decimal 239)
   defining Unicode char U+00F0 (decimal 240)
   defining Unicode char U+00F1 (decimal 241)
   defining Unicode char U+00F2 (decimal 242)
   defining Unicode char U+00F3 (decimal 243)
   defining Unicode char U+00F4 (decimal 244)
   defining Unicode char U+00F5 (decimal 245)
   defining Unicode char U+00F6 (decimal 246)
   defining Unicode char U+00F8 (decimal 248)
   defining Unicode char U+00F9 (decimal 249)
   defining Unicode char U+00FA (decimal 250)
   defining Unicode char U+00FB (decimal 251)
   defining Unicode char U+00FC (decimal 252)
   defining Unicode char U+00FD (decimal 253)
   defining Unicode char U+00FE (decimal 254)
   defining Unicode char U+00FF (decimal 255)
   defining Unicode char U+0102 (decimal 258)
   defining Unicode char U+0103 (decimal 259)
   defining Unicode char U+0104 (decimal 260)
   defining Unicode char U+0105 (decimal 261)
   defining Unicode char U+0106 (decimal 262)
   defining Unicode char U+0107 (decimal 263)
   defining Unicode char U+010C (decimal 268)
   defining Unicode char U+010D (decimal 269)
   defining Unicode char U+010E (decimal 270)
   defining Unicode char U+010F (decimal 271)
   defining Unicode char U+0110 (decimal 272)
   defining Unicode char U+0111 (decimal 273)
   defining Unicode char U+0118 (decimal 280)
   defining Unicode char U+0119 (decimal 281)
   defining Unicode char U+011A (decimal 282)
   defining Unicode char U+011B (decimal 283)
   defining Unicode char U+011E (decimal 286)
   defining Unicode char U+011F (decimal 287)
   defining Unicode char U+0130 (decimal 304)
   defining Unicode char U+0131 (decimal 305)
   defining Unicode char U+0132 (decimal 306)
   defining Unicode char U+0133 (decimal 307)
   defining Unicode char U+0139 (decimal 313)
   defining Unicode char U+013A (decimal 314)
   defining Unicode char U+013D (decimal 317)
   defining Unicode char U+013E (decimal 318)
   defining Unicode char U+0141 (decimal 321)
   defining Unicode char U+0142 (decimal 322)
   defining Unicode char U+0143 (decimal 323)
   defining Unicode char U+0144 (decimal 324)
   defining Unicode char U+0147 (decimal 327)
   defining Unicode char U+0148 (decimal 328)
   defining Unicode char U+014A (decimal 330)
   defining Unicode char U+014B (decimal 331)
   defining Unicode char U+0150 (decimal 336)
   defining Unicode char U+0151 (decimal 337)
   defining Unicode char U+0152 (decimal 338)
   defining Unicode char U+0153 (decimal 339)
   defining Unicode char U+0154 (decimal 340)
   defining Unicode char U+0155 (decimal 341)
   defining Unicode char U+0158 (decimal 344)
   defining Unicode char U+0159 (decimal 345)
   defining Unicode char U+015A (decimal 346)
   defining Unicode char U+015B (decimal 347)
   defining Unicode char U+015E (decimal 350)
   defining Unicode char U+015F (decimal 351)
   defining Unicode char U+0160 (decimal 352)
   defining Unicode char U+0161 (decimal 353)
   defining Unicode char U+0162 (decimal 354)
   defining Unicode char U+0163 (decimal 355)
   defining Unicode char U+0164 (decimal 356)
   defining Unicode char U+0165 (decimal 357)
   defining Unicode char U+016E (decimal 366)
   defining Unicode char U+016F (decimal 367)
   defining Unicode char U+0170 (decimal 368)
   defining Unicode char U+0171 (decimal 369)
   defining Unicode char U+0178 (decimal 376)
   defining Unicode char U+0179 (decimal 377)
   defining Unicode char U+017A (decimal 378)
   defining Unicode char U+017B (decimal 379)
   defining Unicode char U+017C (decimal 380)
   defining Unicode char U+017D (decimal 381)
   defining Unicode char U+017E (decimal 382)
   defining Unicode char U+200C (decimal 8204)
   defining Unicode char U+2013 (decimal 8211)
   defining Unicode char U+2014 (decimal 8212)
   defining Unicode char U+2018 (decimal 8216)
   defining Unicode char U+2019 (decimal 8217)
   defining Unicode char U+201A (decimal 8218)
   defining Unicode char U+201C (decimal 8220)
   defining Unicode char U+201D (decimal 8221)
   defining Unicode char U+201E (decimal 8222)
   defining Unicode char U+2030 (decimal 8240)
   defining Unicode char U+2031 (decimal 8241)
   defining Unicode char U+2039 (decimal 8249)
   defining Unicode char U+203A (decimal 8250)
   defining Unicode char U+2423 (decimal 9251)
)
Now handling font encoding OT1 ...
... processing UTF-8 mapping file for font encoding OT1

(/usr/share/texlive/texmf-dist/tex/latex/base/ot1enc.dfu
File: ot1enc.dfu 2008/04/05 v1.1m UTF-8 support for inputenc
   defining Unicode char U+00A1 (decimal 161)
   defining Unicode char U+00A3 (decimal 163)
   defining Unicode char U+00B8 (decimal 184)
   defining Unicode char U+00BF (decimal 191)
   defining Unicode char U+00C5 (decimal 197)
   defining Unicode char U+00C6 (decimal 198)
   defining Unicode char U+00D8 (decimal 216)
   defining Unicode char U+00DF (decimal 223)
   defining Unicode char U+00E6 (decimal 230)
   defining Unicode char U+00EC (decimal 236)
   defining Unicode char U+00ED (decimal 237)
   defining Unicode char U+00EE (decimal 238)
   defining Unicode char U+00EF (decimal 239)
   defining Unicode char U+00F8 (decimal 248)
   defining Unicode char U+0131 (decimal 305)
   defining Unicode char U+0141 (decimal 321)
   defining Unicode char U+0142 (decimal 322)
   defining Unicode char U+0152 (decimal 338)
   defining Unicode char U+0153 (decimal 339)
   defining Unicode char U+2013 (decimal 8211)
   defining Unicode char U+2014 (decimal 8212)
   defining Unicode char U+2018 (decimal 8216)
   defining Unicode char U+2019 (decimal 8217)
   defining Unicode char U+201C (decimal 8220)
   defining Unicode char U+201D (decimal 8221)
)
Now handling font encoding OMS ...
... processing UTF-8 mapping file for font encoding OMS

(/usr/share/texlive/texmf-dist/tex/latex/base/omsenc.dfu
File: omsenc.dfu 2008/04/05 v1.1m UTF-8 support for inputenc
   defining Unicode char U+00A7 (decimal 167)
   defining Unicode char U+00B6 (decimal 182)
   defining Unicode char U+00B7 (decimal 183)
   defining Unicode char U+2020 (decimal 8224)
   defining Unicode char U+2021 (decimal 8225)
   defining Unicode char U+2022 (decimal 8226)
)
Now handling font encoding OMX ...
... no UTF-8 mapping file for font encoding OMX
Now handling font encoding U ...
... no UTF-8 mapping file for font encoding U
   defining Unicode char U+00A9 (decimal 169)
   defining Unicode char U+00AA (decimal 170)
   defining Unicode char U+00AE (decimal 174)
   defining Unicode char U+00BA (decimal 186)
   defining Unicode char U+02C6 (decimal 710)
   defining Unicode char U+02DC (decimal 732)
   defining Unicode char U+200C (decimal 8204)
   defining Unicode char U+2026 (decimal 8230)
   defining Unicode char U+2122 (decimal 8482)
   defining Unicode char U+2423 (decimal 9251)
))
   defining Unicode char U+00A0 (decimal 160)

(/usr/share/texlive/texmf-dist/tex/latex/cmap/cmap.sty
Package: cmap 2008/03/06 v1.0h CMap support: searchable PDF


Package cmap Warning: pdftex not detected - exiting.

) (/usr/share/texlive/texmf-dist/tex/latex/base/fontenc.sty
Package: fontenc 2005/09/27 v1.99g Standard LaTeX package

(/usr/share/texlive/texmf-dist/tex/latex/base/t1enc.def
File: t1enc.def 2005/09/27 v1.99g Standard LaTeX file
LaTeX Font Info:    Redeclaring font encoding T1 on input line 43.
))
(/usr/share/texlive/texmf-dist/tex/generic/babel/babel.sty
Package: babel 2013/12/03 3.9h The Babel package

(/usr/share/texlive/texmf-dist/tex/generic/babel-english/english.ldf
Language: english 2012/08/20 v3.3p English support from the babel system

(/usr/share/texlive/texmf-dist/tex/generic/babel/babel.def
File: babel.def 2013/12/03 3.9h Babel common definitions
\babel@savecnt=\count89
\U@D=\dimen103

(/usr/share/texlive/texmf-dist/tex/generic/babel/xebabel.def))
\l@british = a dialect from \language\l@english 
\l@UKenglish = a dialect from \language\l@english 
\l@canadian = a dialect from \language\l@american 
\l@australian = a dialect from \language\l@british 
\l@newzealand = a dialect from \language\l@british 
))
(/usr/share/texlive/texmf-dist/tex/latex/psnfss/times.sty
Package: times 2005/04/12 PSNFSS-v9.2a (SPQR) 
) (./fncychap.sty
Package: fncychap 2007/07/30 v1.34 LaTeX package (Revised chapters)
\RW=\skip43
\mylen=\skip44
\myhi=\skip45
\px=\skip46
\py=\skip47
\pyy=\skip48
\pxx=\skip49
\c@AlphaCnt=\count90
\c@AlphaDecCnt=\count91
)
(/usr/share/texlive/texmf-dist/tex/latex/tools/longtable.sty
Package: longtable 2004/02/01 v4.11 Multi-page Table package (DPC)
\LTleft=\skip50
\LTright=\skip51
\LTpre=\skip52
\LTpost=\skip53
\LTchunksize=\count92
\LTcapwidth=\dimen104
\LT@head=\box26
\LT@firsthead=\box27
\LT@foot=\box28
\LT@lastfoot=\box29
\LT@cols=\count93
\LT@rows=\count94
\c@LT@tables=\count95
\c@LT@chunks=\count96
\LT@p@ftn=\toks16
) (./sphinx.sty
Package: sphinx 2010/01/15 LaTeX package (Sphinx markup)

(/usr/share/texlive/texmf-dist/tex/latex/fancyhdr/fancyhdr.sty
\fancy@headwidth=\skip54
\f@ncyO@elh=\skip55
\f@ncyO@erh=\skip56
\f@ncyO@olh=\skip57
\f@ncyO@orh=\skip58
\f@ncyO@elf=\skip59
\f@ncyO@erf=\skip60
\f@ncyO@olf=\skip61
\f@ncyO@orf=\skip62
)
(/usr/share/texlive/texmf-dist/tex/latex/base/textcomp.sty
Package: textcomp 2005/09/27 v1.99g Standard LaTeX package
Package textcomp Info: Sub-encoding information:
(textcomp)               5 = only ISO-Adobe without \textcurrency
(textcomp)               4 = 5 + \texteuro
(textcomp)               3 = 4 + \textohm
(textcomp)               2 = 3 + \textestimated + \textcurrency
(textcomp)               1 = TS1 - \textcircled - \t
(textcomp)               0 = TS1 (full)
(textcomp)             Font families with sub-encoding setting implement
(textcomp)             only a restricted character set as indicated.
(textcomp)             Family '?' is the default used for unknown fonts.
(textcomp)             See the documentation for details.
Package textcomp Info: Setting ? sub-encoding to TS1/1 on input line 71.

(/usr/share/texlive/texmf-dist/tex/latex/base/ts1enc.def
File: ts1enc.def 2001/06/05 v3.0e (jk/car/fm) Standard LaTeX file
Now handling font encoding TS1 ...
... processing UTF-8 mapping file for font encoding TS1

(/usr/share/texlive/texmf-dist/tex/latex/base/ts1enc.dfu
File: ts1enc.dfu 2008/04/05 v1.1m UTF-8 support for inputenc
   defining Unicode char U+00A2 (decimal 162)
   defining Unicode char U+00A3 (decimal 163)
   defining Unicode char U+00A4 (decimal 164)
   defining Unicode char U+00A5 (decimal 165)
   defining Unicode char U+00A6 (decimal 166)
   defining Unicode char U+00A7 (decimal 167)
   defining Unicode char U+00A8 (decimal 168)
   defining Unicode char U+00A9 (decimal 169)
   defining Unicode char U+00AA (decimal 170)
   defining Unicode char U+00AC (decimal 172)
   defining Unicode char U+00AE (decimal 174)
   defining Unicode char U+00AF (decimal 175)
   defining Unicode char U+00B0 (decimal 176)
   defining Unicode char U+00B1 (decimal 177)
   defining Unicode char U+00B2 (decimal 178)
   defining Unicode char U+00B3 (decimal 179)
   defining Unicode char U+00B4 (decimal 180)
   defining Unicode char U+00B5 (decimal 181)
   defining Unicode char U+00B6 (decimal 182)
   defining Unicode char U+00B7 (decimal 183)
   defining Unicode char U+00B9 (decimal 185)
   defining Unicode char U+00BA (decimal 186)
   defining Unicode char U+00BC (decimal 188)
   defining Unicode char U+00BD (decimal 189)
   defining Unicode char U+00BE (decimal 190)
   defining Unicode char U+00D7 (decimal 215)
   defining Unicode char U+00F7 (decimal 247)
   defining Unicode char U+0192 (decimal 402)
   defining Unicode char U+02C7 (decimal 711)
   defining Unicode char U+02D8 (decimal 728)
   defining Unicode char U+02DD (decimal 733)
   defining Unicode char U+0E3F (decimal 3647)
   defining Unicode char U+2016 (decimal 8214)
   defining Unicode char U+2020 (decimal 8224)
   defining Unicode char U+2021 (decimal 8225)
   defining Unicode char U+2022 (decimal 8226)
   defining Unicode char U+2030 (decimal 8240)
   defining Unicode char U+2031 (decimal 8241)
   defining Unicode char U+203B (decimal 8251)
   defining Unicode char U+203D (decimal 8253)
   defining Unicode char U+2044 (decimal 8260)
   defining Unicode char U+204E (decimal 8270)
   defining Unicode char U+2052 (decimal 8274)
   defining Unicode char U+20A1 (decimal 8353)
   defining Unicode char U+20A4 (decimal 8356)
   defining Unicode char U+20A6 (decimal 8358)
   defining Unicode char U+20A9 (decimal 8361)
   defining Unicode char U+20AB (decimal 8363)
   defining Unicode char U+20AC (decimal 8364)
   defining Unicode char U+20B1 (decimal 8369)
   defining Unicode char U+2103 (decimal 8451)
   defining Unicode char U+2116 (decimal 8470)
   defining Unicode char U+2117 (decimal 8471)
   defining Unicode char U+211E (decimal 8478)
   defining Unicode char U+2120 (decimal 8480)
   defining Unicode char U+2122 (decimal 8482)
   defining Unicode char U+2126 (decimal 8486)
   defining Unicode char U+2127 (decimal 8487)
   defining Unicode char U+212E (decimal 8494)
   defining Unicode char U+2190 (decimal 8592)
   defining Unicode char U+2191 (decimal 8593)
   defining Unicode char U+2192 (decimal 8594)
   defining Unicode char U+2193 (decimal 8595)
   defining Unicode char U+2329 (decimal 9001)
   defining Unicode char U+232A (decimal 9002)
   defining Unicode char U+2422 (decimal 9250)
   defining Unicode char U+25E6 (decimal 9702)
   defining Unicode char U+25EF (decimal 9711)
   defining Unicode char U+266A (decimal 9834)
))
LaTeX Info: Redefining \oldstylenums on input line 266.
Package textcomp Info: Setting cmr sub-encoding to TS1/0 on input line 281.
Package textcomp Info: Setting cmss sub-encoding to TS1/0 on input line 282.
Package textcomp Info: Setting cmtt sub-encoding to TS1/0 on input line 283.
Package textcomp Info: Setting cmvtt sub-encoding to TS1/0 on input line 284.
Package textcomp Info: Setting cmbr sub-encoding to TS1/0 on input line 285.
Package textcomp Info: Setting cmtl sub-encoding to TS1/0 on input line 286.
Package textcomp Info: Setting ccr sub-encoding to TS1/0 on input line 287.
Package textcomp Info: Setting ptm sub-encoding to TS1/4 on input line 288.
Package textcomp Info: Setting pcr sub-encoding to TS1/4 on input line 289.
Package textcomp Info: Setting phv sub-encoding to TS1/4 on input line 290.
Package textcomp Info: Setting ppl sub-encoding to TS1/3 on input line 291.
Package textcomp Info: Setting pag sub-encoding to TS1/4 on input line 292.
Package textcomp Info: Setting pbk sub-encoding to TS1/4 on input line 293.
Package textcomp Info: Setting pnc sub-encoding to TS1/4 on input line 294.
Package textcomp Info: Setting pzc sub-encoding to TS1/4 on input line 295.
Package textcomp Info: Setting bch sub-encoding to TS1/4 on input line 296.
Package textcomp Info: Setting put sub-encoding to TS1/5 on input line 297.
Package textcomp Info: Setting uag sub-encoding to TS1/5 on input line 298.
Package textcomp Info: Setting ugq sub-encoding to TS1/5 on input line 299.
Package textcomp Info: Setting ul8 sub-encoding to TS1/4 on input line 300.
Package textcomp Info: Setting ul9 sub-encoding to TS1/4 on input line 301.
Package textcomp Info: Setting augie sub-encoding to TS1/5 on input line 302.
Package textcomp Info: Setting dayrom sub-encoding to TS1/3 on input line 303.
Package textcomp Info: Setting dayroms sub-encoding to TS1/3 on input line 304.

Package textcomp Info: Setting pxr sub-encoding to TS1/0 on input line 305.
Package textcomp Info: Setting pxss sub-encoding to TS1/0 on input line 306.
Package textcomp Info: Setting pxtt sub-encoding to TS1/0 on input line 307.
Package textcomp Info: Setting txr sub-encoding to TS1/0 on input line 308.
Package textcomp Info: Setting txss sub-encoding to TS1/0 on input line 309.
Package textcomp Info: Setting txtt sub-encoding to TS1/0 on input line 310.
Package textcomp Info: Setting lmr sub-encoding to TS1/0 on input line 311.
Package textcomp Info: Setting lmdh sub-encoding to TS1/0 on input line 312.
Package textcomp Info: Setting lmss sub-encoding to TS1/0 on input line 313.
Package textcomp Info: Setting lmssq sub-encoding to TS1/0 on input line 314.
Package textcomp Info: Setting lmvtt sub-encoding to TS1/0 on input line 315.
Package textcomp Info: Setting qhv sub-encoding to TS1/0 on input line 316.
Package textcomp Info: Setting qag sub-encoding to TS1/0 on input line 317.
Package textcomp Info: Setting qbk sub-encoding to TS1/0 on input line 318.
Package textcomp Info: Setting qcr sub-encoding to TS1/0 on input line 319.
Package textcomp Info: Setting qcs sub-encoding to TS1/0 on input line 320.
Package textcomp Info: Setting qpl sub-encoding to TS1/0 on input line 321.
Package textcomp Info: Setting qtm sub-encoding to TS1/0 on input line 322.
Package textcomp Info: Setting qzc sub-encoding to TS1/0 on input line 323.
Package textcomp Info: Setting qhvc sub-encoding to TS1/0 on input line 324.
Package textcomp Info: Setting futs sub-encoding to TS1/4 on input line 325.
Package textcomp Info: Setting futx sub-encoding to TS1/4 on input line 326.
Package textcomp Info: Setting futj sub-encoding to TS1/4 on input line 327.
Package textcomp Info: Setting hlh sub-encoding to TS1/3 on input line 328.
Package textcomp Info: Setting hls sub-encoding to TS1/3 on input line 329.
Package textcomp Info: Setting hlst sub-encoding to TS1/3 on input line 330.
Package textcomp Info: Setting hlct sub-encoding to TS1/5 on input line 331.
Package textcomp Info: Setting hlx sub-encoding to TS1/5 on input line 332.
Package textcomp Info: Setting hlce sub-encoding to TS1/5 on input line 333.
Package textcomp Info: Setting hlcn sub-encoding to TS1/5 on input line 334.
Package textcomp Info: Setting hlcw sub-encoding to TS1/5 on input line 335.
Package textcomp Info: Setting hlcf sub-encoding to TS1/5 on input line 336.
Package textcomp Info: Setting pplx sub-encoding to TS1/3 on input line 337.
Package textcomp Info: Setting pplj sub-encoding to TS1/3 on input line 338.
Package textcomp Info: Setting ptmx sub-encoding to TS1/4 on input line 339.
Package textcomp Info: Setting ptmj sub-encoding to TS1/4 on input line 340.
)
(/usr/share/texlive/texmf-dist/tex/latex/fancybox/fancybox.sty
Package: fancybox 2010/05/15 1.4

Style option: `fancybox' v1.4 <2010/05/15> (tvz)
\@fancybox=\box30
\shadowsize=\dimen105
\@Sbox=\box31
\do@VerbBox=\toks17
\the@fancyput=\toks18
\this@fancyput=\toks19
\EndVerbatimTokens=\toks20
\Verbatim@Outfile=\write3
\Verbatim@Infile=\read1
) (/usr/share/texlive/texmf-dist/tex/latex/titlesec/titlesec.sty
Package: titlesec 2011/12/15 v2.10.0 Sectioning titles
\ttl@box=\box32
\beforetitleunit=\skip63
\aftertitleunit=\skip64
\ttl@plus=\dimen106
\ttl@minus=\dimen107
\ttl@toksa=\toks21
\titlewidth=\dimen108
\titlewidthlast=\dimen109
\titlewidthfirst=\dimen110
)
(./tabulary.sty
Package: tabulary 2008/12/01 v0.9 tabulary package (DPC)
 (/usr/share/texlive/texmf-dist/tex/latex/tools/array.sty
Package: array 2008/09/09 v2.4c Tabular extension package (FMi)
\col@sep=\dimen111
\extrarowheight=\dimen112
\NC@list=\toks22
\extratabsurround=\skip65
\backup@length=\skip66
)
\TY@count=\count97
\TY@linewidth=\dimen113
\tymin=\dimen114
\tymax=\dimen115
\TY@tablewidth=\dimen116
)
(/usr/share/texlive/texmf-dist/tex/latex/amsmath/amsmath.sty
Package: amsmath 2013/01/14 v2.14 AMS math features
\@mathmargin=\skip67

For additional information on amsmath, use the `?' option.
(/usr/share/texlive/texmf-dist/tex/latex/amsmath/amstext.sty
Package: amstext 2000/06/29 v2.01

(/usr/share/texlive/texmf-dist/tex/latex/amsmath/amsgen.sty
File: amsgen.sty 1999/11/30 v2.0
\@emptytoks=\toks23
\ex@=\dimen117
))
(/usr/share/texlive/texmf-dist/tex/latex/amsmath/amsbsy.sty
Package: amsbsy 1999/11/29 v1.2d
\pmbraise@=\dimen118
)
(/usr/share/texlive/texmf-dist/tex/latex/amsmath/amsopn.sty
Package: amsopn 1999/12/14 v2.01 operator names
)
\inf@bad=\count98
LaTeX Info: Redefining \frac on input line 210.
\uproot@=\count99
\leftroot@=\count100
LaTeX Info: Redefining \overline on input line 306.
\classnum@=\count101
\DOTSCASE@=\count102
LaTeX Info: Redefining \ldots on input line 378.
LaTeX Info: Redefining \dots on input line 381.
LaTeX Info: Redefining \cdots on input line 466.
\Mathstrutbox@=\box33
\strutbox@=\box34
\big@size=\dimen119
LaTeX Font Info:    Redeclaring font encoding OML on input line 566.
LaTeX Font Info:    Redeclaring font encoding OMS on input line 567.
\macc@depth=\count103
\c@MaxMatrixCols=\count104
\dotsspace@=\muskip10
\c@parentequation=\count105
\dspbrk@lvl=\count106
\tag@help=\toks24
\row@=\count107
\column@=\count108
\maxfields@=\count109
\andhelp@=\toks25
\eqnshift@=\dimen120
\alignsep@=\dimen121
\tagshift@=\dimen122
\tagwidth@=\dimen123
\totwidth@=\dimen124
\lineht@=\dimen125
\@envbody=\toks26
\multlinegap=\skip68
\multlinetaggap=\skip69
\mathdisplay@stack=\toks27
LaTeX Info: Redefining \[ on input line 2665.
LaTeX Info: Redefining \] on input line 2666.
)
(/usr/share/texlive/texmf-dist/tex/latex/base/makeidx.sty
Package: makeidx 2000/03/29 v1.0m Standard LaTeX package
)
(/usr/share/texlive/texmf-dist/tex/latex/framed/framed.sty
Package: framed 2011/10/22 v 0.96: framed or shaded text with page breaks
\OuterFrameSep=\skip70
\fb@frw=\dimen126
\fb@frh=\dimen127
\FrameRule=\dimen128
\FrameSep=\dimen129
)
(/usr/share/texlive/texmf-dist/tex/latex/base/ifthen.sty
Package: ifthen 2001/05/26 v1.1c Standard LaTeX ifthen package (DPC)
)
(/usr/share/texlive/texmf-dist/tex/latex/graphics/color.sty
Package: color 2005/11/14 v1.0j Standard LaTeX Color (DPC)

(/usr/share/texlive/texmf-dist/tex/latex/latexconfig/color.cfg
File: color.cfg 2007/01/18 v1.5 color configuration of teTeX/TeXLive
)
Package color Info: Driver file: xetex.def on input line 130.

(/usr/share/texlive/texmf-dist/tex/xelatex/xetex-def/xetex.def
File: xetex.def 2013/04/29 v0.96 LaTeX color/graphics driver for XeTeX (RRM/JK)

))
(/usr/share/texlive/texmf-dist/tex/latex/fancyvrb/fancyvrb.sty
Package: fancyvrb 2008/02/07

Style option: `fancyvrb' v2.7a, with DG/SPQR fixes, and firstline=lastline fix 
<2008/02/07> (tvz) (/usr/share/texlive/texmf-dist/tex/latex/graphics/keyval.sty
Package: keyval 1999/03/16 v1.13 key=value parser (DPC)
\KV@toks@=\toks28
)
\FV@CodeLineNo=\count110
\FV@InFile=\read2
\FV@TabBox=\box35
\c@FancyVerbLine=\count111
\FV@StepNumber=\count112
\FV@OutFile=\write4
) (/usr/share/texlive/texmf-dist/tex/latex/threeparttable/threeparttable.sty
Package: threeparttable 2003/06/13  v 3.0
\@tempboxb=\box36
)
(/usr/share/texlive/texmf-dist/tex/latex/mdwtools/footnote.sty
Package: footnote 1997/01/28 1.13 Save footnotes around boxes
\fn@notes=\box37
\fn@width=\dimen130
)
(/usr/share/texlive/texmf-dist/tex/latex/wrapfig/wrapfig.sty
\wrapoverhang=\dimen131
\WF@size=\dimen132
\c@WF@wrappedlines=\count113
\WF@box=\box38
\WF@everypar=\toks29
Package: wrapfig 2003/01/31  v 3.6
)
(/usr/share/texlive/texmf-dist/tex/latex/parskip/parskip.sty
Package: parskip 2001/04/09 non-zero parskip adjustments
)
(/usr/share/texlive/texmf-dist/tex/latex/base/alltt.sty
Package: alltt 1997/06/16 v2.0g defines alltt environment
)
(/usr/share/texlive/texmf-dist/tex/latex/graphics/graphicx.sty
Package: graphicx 1999/02/16 v1.0f Enhanced LaTeX Graphics (DPC,SPQR)

(/usr/share/texlive/texmf-dist/tex/latex/graphics/graphics.sty
Package: graphics 2009/02/05 v1.0o Standard LaTeX Graphics (DPC,SPQR)

(/usr/share/texlive/texmf-dist/tex/latex/graphics/trig.sty
Package: trig 1999/03/16 v1.09 sin cos tan (DPC)
)
(/usr/share/texlive/texmf-dist/tex/latex/latexconfig/graphics.cfg
File: graphics.cfg 2010/04/23 v1.9 graphics configuration of TeX Live
)
Package graphics Info: Driver file: xetex.def on input line 91.
)
\Gin@req@height=\dimen133
\Gin@req@width=\dimen134
)
\distancetoright=\skip71
\py@argswidth=\skip72
\py@noticelength=\skip73
\lineblockindentation=\skip74
\image@box=\box39
\image@width=\dimen135

(/usr/share/texlive/texmf-dist/tex/latex/hyperref/hyperref.sty
Package: hyperref 2012/11/06 v6.83m Hypertext links for LaTeX

(/usr/share/texlive/texmf-dist/tex/generic/oberdiek/hobsub-hyperref.sty
Package: hobsub-hyperref 2012/05/28 v1.13 Bundle oberdiek, subset hyperref (HO)


(/usr/share/texlive/texmf-dist/tex/generic/oberdiek/hobsub-generic.sty
Package: hobsub-generic 2012/05/28 v1.13 Bundle oberdiek, subset generic (HO)
Package: hobsub 2012/05/28 v1.13 Construct package bundles (HO)
Package: infwarerr 2010/04/08 v1.3 Providing info/warning/error messages (HO)
Package: ltxcmds 2011/11/09 v1.22 LaTeX kernel commands for general use (HO)
Package: ifluatex 2010/03/01 v1.3 Provides the ifluatex switch (HO)
Package ifluatex Info: LuaTeX not detected.
Package: ifvtex 2010/03/01 v1.5 Detect VTeX and its facilities (HO)
Package ifvtex Info: VTeX not detected.
Package: intcalc 2007/09/27 v1.1 Expandable calculations with integers (HO)
Package: ifpdf 2011/01/30 v2.3 Provides the ifpdf switch (HO)
Package ifpdf Info: pdfTeX in PDF mode is not detected.
Package: etexcmds 2011/02/16 v1.5 Avoid name clashes with e-TeX commands (HO)
Package etexcmds Info: Could not find \expanded.
(etexcmds)             That can mean that you are not using pdfTeX 1.50 or
(etexcmds)             that some package has redefined \expanded.
(etexcmds)             In the latter case, load this package earlier.
Package: kvsetkeys 2012/04/25 v1.16 Key value parser (HO)
Package: kvdefinekeys 2011/04/07 v1.3 Define keys (HO)
Package: pdftexcmds 2011/11/29 v0.20 Utility functions of pdfTeX for LuaTeX (HO
)
Package pdftexcmds Info: LuaTeX not detected.
Package pdftexcmds Info: pdfTeX >= 1.30 not detected.
Package pdftexcmds Info: \pdf@primitive is available.
Package pdftexcmds Info: \pdf@ifprimitive is available.
Package pdftexcmds Info: \pdfdraftmode not found.
Package: pdfescape 2011/11/25 v1.13 Implements pdfTeX's escape features (HO)
Package: bigintcalc 2012/04/08 v1.3 Expandable calculations on big integers (HO
)
Package: bitset 2011/01/30 v1.1 Handle bit-vector datatype (HO)
Package: uniquecounter 2011/01/30 v1.2 Provide unlimited unique counter (HO)
)
Package hobsub Info: Skipping package `hobsub' (already loaded).
Package: letltxmacro 2010/09/02 v1.4 Let assignment for LaTeX macros (HO)
Package: hopatch 2012/05/28 v1.2 Wrapper for package hooks (HO)
Package: xcolor-patch 2011/01/30 xcolor patch
Package: atveryend 2011/06/30 v1.8 Hooks at the very end of document (HO)
Package atveryend Info: \enddocument detected (standard20110627).
Package: atbegshi 2011/10/05 v1.16 At begin shipout hook (HO)
Package: refcount 2011/10/16 v3.4 Data extraction from label references (HO)
Package: hycolor 2011/01/30 v1.7 Color options for hyperref/bookmark (HO)
)
(/usr/share/texlive/texmf-dist/tex/generic/ifxetex/ifxetex.sty
Package: ifxetex 2010/09/12 v0.6 Provides ifxetex conditional
)
(/usr/share/texlive/texmf-dist/tex/latex/oberdiek/auxhook.sty
Package: auxhook 2011/03/04 v1.3 Hooks for auxiliary files (HO)
)
(/usr/share/texlive/texmf-dist/tex/latex/oberdiek/kvoptions.sty
Package: kvoptions 2011/06/30 v3.11 Key value format for package options (HO)
)
\@linkdim=\dimen136
\Hy@linkcounter=\count114
\Hy@pagecounter=\count115

(/usr/share/texlive/texmf-dist/tex/latex/hyperref/pd1enc.def
File: pd1enc.def 2012/11/06 v6.83m Hyperref: PDFDocEncoding definition (HO)
Now handling font encoding PD1 ...
... no UTF-8 mapping file for font encoding PD1
)
\Hy@SavedSpaceFactor=\count116

(/usr/share/texlive/texmf-dist/tex/latex/latexconfig/hyperref.cfg
File: hyperref.cfg 2002/06/06 v1.2 hyperref configuration of TeXLive
)
Package hyperref Info: Option `colorlinks' set `true' on input line 4319.
Package hyperref Info: Option `breaklinks' set `true' on input line 4319.
Package hyperref Info: Hyper figures OFF on input line 4443.
Package hyperref Info: Link nesting OFF on input line 4448.
Package hyperref Info: Hyper index ON on input line 4451.
Package hyperref Info: Plain pages OFF on input line 4458.
Package hyperref Info: Backreferencing OFF on input line 4463.
Package hyperref Info: Implicit mode ON; LaTeX internals redefined.
Package hyperref Info: Bookmarks ON on input line 4688.
\c@Hy@tempcnt=\count117

(/usr/share/texlive/texmf-dist/tex/latex/url/url.sty
\Urlmuskip=\muskip11
Package: url 2013/09/16  ver 3.4  Verb mode for urls, etc.
)
LaTeX Info: Redefining \url on input line 5041.
\XeTeXLinkMargin=\dimen137
\Fld@menulength=\count118
\Field@Width=\dimen138
\Fld@charsize=\dimen139
Package hyperref Info: Hyper figures OFF on input line 6295.
Package hyperref Info: Link nesting OFF on input line 6300.
Package hyperref Info: Hyper index ON on input line 6303.
Package hyperref Info: backreferencing OFF on input line 6310.
Package hyperref Info: Link coloring ON on input line 6313.
Package hyperref Info: Link coloring with OCG OFF on input line 6320.
Package hyperref Info: PDF/A mode OFF on input line 6325.
LaTeX Info: Redefining \ref on input line 6365.
LaTeX Info: Redefining \pageref on input line 6369.
\Hy@abspage=\count119
\c@Item=\count120
\c@Hfootnote=\count121
)

Package hyperref Message: Driver (autodetected): hxetex.

(/usr/share/texlive/texmf-dist/tex/latex/hyperref/hxetex.def
File: hxetex.def 2012/11/06 v6.83m Hyperref driver for XeTeX

(/usr/share/texlive/texmf-dist/tex/latex/hyperref/puenc.def
File: puenc.def 2012/11/06 v6.83m Hyperref: PDF Unicode definition (HO)
Now handling font encoding PU ...
... no UTF-8 mapping file for font encoding PU
)
(/usr/share/texlive/texmf-dist/tex/generic/oberdiek/stringenc.sty
Package: stringenc 2011/12/02 v1.10 Convert strings between diff. encodings (HO
)
)
\pdfm@box=\box40
\c@Hy@AnnotLevel=\count122
\HyField@AnnotCount=\count123
\Fld@listcount=\count124
\c@bookmark@seq@number=\count125

(/usr/share/texlive/texmf-dist/tex/latex/oberdiek/rerunfilecheck.sty
Package: rerunfilecheck 2011/04/15 v1.7 Rerun checks for auxiliary files (HO)
Package rerunfilecheck Info: Feature \pdfmdfivesum is not available
(rerunfilecheck)             (e.g. pdfTeX or LuaTeX with package `pdftexcmds').

(rerunfilecheck)             Therefore file contents cannot be checked efficien
tly
(rerunfilecheck)             and the loading of the package is aborted.
)
\Hy@SectionHShift=\skip75
)
(/usr/share/texlive/texmf-dist/tex/latex/oberdiek/hypcap.sty
Package: hypcap 2011/02/16 v1.11 Adjusting the anchors of captions (HO)
)
\DUlineblockindent=\skip76
)
(/usr/share/texlive/texmf-dist/tex/latex/multirow/multirow.sty
\bigstrutjot=\dimen140
)
(/usr/share/texlive/texmf-dist/tex/latex/fontspec/fontspec.sty
Package: fontspec 2013/05/20 v2.3c Font selection for XeLaTeX and LuaLaTeX

(/usr/share/texlive/texmf-dist/tex/latex/l3kernel/expl3.sty
(/usr/share/texlive/texmf-dist/tex/latex/l3kernel/l3names.sty
(/usr/share/texlive/texmf-dist/tex/latex/l3kernel/l3bootstrap.sty
Package: l3bootstrap 2014/01/04 v4640 L3 Experimental bootstrap code
)
Package: l3names 2014/01/04 v4640 L3 Namespace for primitives
)
(/usr/share/texlive/texmf-dist/tex/latex/etex-pkg/etex.sty
Package: etex 1998/03/26 v2.0 eTeX basic definition package (PEB)
\et@xins=\count126
)
Package: expl3 2014/01/07 v4646 L3 Experimental code bundle wrapper

(/usr/share/texlive/texmf-dist/tex/latex/l3kernel/l3basics.sty
Package: l3basics 2014/01/04 v4642 L3 Basic definitions
)
(/usr/share/texlive/texmf-dist/tex/latex/l3kernel/l3expan.sty
Package: l3expan 2014/01/04 v4642 L3 Argument expansion
)
(/usr/share/texlive/texmf-dist/tex/latex/l3kernel/l3tl.sty
Package: l3tl 2013/12/27 v4625 L3 Token lists
)
(/usr/share/texlive/texmf-dist/tex/latex/l3kernel/l3seq.sty
Package: l3seq 2013/12/14 v4623 L3 Sequences and stacks
)
(/usr/share/texlive/texmf-dist/tex/latex/l3kernel/l3int.sty
Package: l3int 2013/08/02 v4583 L3 Integers
\c_max_int=\count127
\l_tmpa_int=\count128
\l_tmpb_int=\count129
\g_tmpa_int=\count130
\g_tmpb_int=\count131
)
(/usr/share/texlive/texmf-dist/tex/latex/l3kernel/l3quark.sty
Package: l3quark 2013/12/14 v4623 L3 Quarks
)
(/usr/share/texlive/texmf-dist/tex/latex/l3kernel/l3prg.sty
Package: l3prg 2014/01/04 v4642 L3 Control structures
\g__prg_map_int=\count132
)
(/usr/share/texlive/texmf-dist/tex/latex/l3kernel/l3clist.sty
Package: l3clist 2013/07/28 v4581 L3 Comma separated lists
)
(/usr/share/texlive/texmf-dist/tex/latex/l3kernel/l3token.sty
Package: l3token 2013/08/25 v4587 L3 Experimental token manipulation
)
(/usr/share/texlive/texmf-dist/tex/latex/l3kernel/l3prop.sty
Package: l3prop 2013/12/14 v4623 L3 Property lists
)
(/usr/share/texlive/texmf-dist/tex/latex/l3kernel/l3msg.sty
Package: l3msg 2013/07/28 v4581 L3 Messages
)
(/usr/share/texlive/texmf-dist/tex/latex/l3kernel/l3file.sty
Package: l3file 2013/10/13 v4596 L3 File and I/O operations
\l_iow_line_count_int=\count133
\l__iow_target_count_int=\count134
\l__iow_current_line_int=\count135
\l__iow_current_word_int=\count136
\l__iow_current_indentation_int=\count137
)
(/usr/share/texlive/texmf-dist/tex/latex/l3kernel/l3skip.sty
Package: l3skip 2013/07/28 v4581 L3 Dimensions and skips
\c_zero_dim=\dimen141
\c_max_dim=\dimen142
\l_tmpa_dim=\dimen143
\l_tmpb_dim=\dimen144
\g_tmpa_dim=\dimen145
\g_tmpb_dim=\dimen146
\c_zero_skip=\skip77
\c_max_skip=\skip78
\l_tmpa_skip=\skip79
\l_tmpb_skip=\skip80
\g_tmpa_skip=\skip81
\g_tmpb_skip=\skip82
\c_zero_muskip=\muskip12
\c_max_muskip=\muskip13
\l_tmpa_muskip=\muskip14
\l_tmpb_muskip=\muskip15
\g_tmpa_muskip=\muskip16
\g_tmpb_muskip=\muskip17
)
(/usr/share/texlive/texmf-dist/tex/latex/l3kernel/l3keys.sty
Package: l3keys 2013/12/08 v4614 L3 Experimental key-value interfaces
\g__keyval_level_int=\count138
\l_keys_choice_int=\count139
)
(/usr/share/texlive/texmf-dist/tex/latex/l3kernel/l3fp.sty
Package: l3fp 2014/01/04 v4642 L3 Floating points
\c__fp_leading_shift_int=\count140
\c__fp_middle_shift_int=\count141
\c__fp_trailing_shift_int=\count142
\c__fp_big_leading_shift_int=\count143
\c__fp_big_middle_shift_int=\count144
\c__fp_big_trailing_shift_int=\count145
\c__fp_Bigg_leading_shift_int=\count146
\c__fp_Bigg_middle_shift_int=\count147
\c__fp_Bigg_trailing_shift_int=\count148
)
(/usr/share/texlive/texmf-dist/tex/latex/l3kernel/l3box.sty
Package: l3box 2013/07/28 v4581 L3 Experimental boxes
\c_empty_box=\box41
\l_tmpa_box=\box42
\l_tmpb_box=\box43
\g_tmpa_box=\box44
\g_tmpb_box=\box45
)
(/usr/share/texlive/texmf-dist/tex/latex/l3kernel/l3coffins.sty
Package: l3coffins 2013/12/14 v4624 L3 Coffin code layer
\l__coffin_internal_box=\box46
\l__coffin_internal_dim=\dimen147
\l__coffin_offset_x_dim=\dimen148
\l__coffin_offset_y_dim=\dimen149
\l__coffin_x_dim=\dimen150
\l__coffin_y_dim=\dimen151
\l__coffin_x_prime_dim=\dimen152
\l__coffin_y_prime_dim=\dimen153
\c_empty_coffin=\box47
\l__coffin_aligned_coffin=\box48
\l__coffin_aligned_internal_coffin=\box49
\l_tmpa_coffin=\box50
\l_tmpb_coffin=\box51
\l__coffin_display_coffin=\box52
\l__coffin_display_coord_coffin=\box53
\l__coffin_display_pole_coffin=\box54
\l__coffin_display_offset_dim=\dimen154
\l__coffin_display_x_dim=\dimen155
\l__coffin_display_y_dim=\dimen156
)
(/usr/share/texlive/texmf-dist/tex/latex/l3kernel/l3color.sty
Package: l3color 2012/08/29 v4156 L3 Experimental color support
)
(/usr/share/texlive/texmf-dist/tex/latex/l3kernel/l3luatex.sty
Package: l3luatex 2013/07/28 v4581 L3 Experimental LuaTeX-specific functions
\g__cctab_allocate_int=\count149
\g__cctab_stack_int=\count150
)
(/usr/share/texlive/texmf-dist/tex/latex/l3kernel/l3candidates.sty
Package: l3candidates 2014/01/06 v4643 L3 Experimental additions to l3kernel
\l__box_top_dim=\dimen157
\l__box_bottom_dim=\dimen158
\l__box_left_dim=\dimen159
\l__box_right_dim=\dimen160
\l__box_top_new_dim=\dimen161
\l__box_bottom_new_dim=\dimen162
\l__box_left_new_dim=\dimen163
\l__box_right_new_dim=\dimen164
\l__box_internal_box=\box55
\l__coffin_bounding_shift_dim=\dimen165
\l__coffin_left_corner_dim=\dimen166
\l__coffin_right_corner_dim=\dimen167
\l__coffin_bottom_corner_dim=\dimen168
\l__coffin_top_corner_dim=\dimen169
\l__coffin_scaled_total_height_dim=\dimen170
\l__coffin_scaled_width_dim=\dimen171
))
(/usr/share/texlive/texmf-dist/tex/latex/l3packages/xparse/xparse.sty
Package: xparse 2013/12/31 v4634 L3 Experimental document command parser
\l__xparse_current_arg_int=\count151
\l__xparse_m_args_int=\count152
\l__xparse_mandatory_args_int=\count153
\l__xparse_processor_int=\count154
\l__xparse_v_nesting_int=\count155
)
\l_fontspec_script_int=\count156
\l_fontspec_language_int=\count157
\l_fontspec_strnum_int=\count158
\l_fontspec_tmpa_dim=\dimen172
\l_fontspec_tmpb_dim=\dimen173
\l_fontspec_tmpc_dim=\dimen174
Variant \tl_gset:cV already defined; not changing it on line 69

(/usr/share/texlive/texmf-dist/tex/latex/fontspec/fontspec-patches.sty
Package: fontspec-patches 2013/05/20 v2.3c Font selection for XeLaTeX and LuaLa
TeX

(/usr/share/texlive/texmf-dist/tex/latex/base/fixltx2e.sty
Package: fixltx2e 2006/09/13 v1.1m fixes to LaTeX
LaTeX Info: Redefining \em on input line 420.
LaTeX Info: The control sequence `\[' is already robust on input line 471.
LaTeX Info: The control sequence `\]' is already robust on input line 472.
)
LaTeX Info: Redefining \em on input line 22.
LaTeX Info: Redefining \emph on input line 30.
LaTeX Info: Redefining \- on input line 33.

*************************************************
* LaTeX warning: "xparse/redefine-command"
* 
* Redefining document command \oldstylenums with arg. spec. 'm' on line 128.
*************************************************
.................................................
. LaTeX info: "xparse/define-command"
. 
. Defining document command \liningnums with arg. spec. 'm' on line 132.
.................................................
) (/usr/share/texlive/texmf-dist/tex/latex/fontspec/fontspec-xetex.sty
Package: fontspec-xetex 2013/05/20 v2.3c Font selection for XeLaTeX and LuaLaTe
X

(/usr/share/texlive/texmf-dist/tex/latex/base/fontenc.sty
Package: fontenc 2005/09/27 v1.99g Standard LaTeX package

(/usr/share/texlive/texmf-dist/tex/latex/euenc/eu1enc.def
File: eu1enc.def 2010/05/27 v0.1h Experimental Unicode font encodings
Now handling font encoding EU1 ...
... no UTF-8 mapping file for font encoding EU1
)
LaTeX Font Info:    Try loading font information for EU1+lmr on input line 100.


(/usr/share/texlive/texmf-dist/tex/latex/euenc/eu1lmr.fd
File: eu1lmr.fd 2009/10/30 v1.6 Font defs for Latin Modern
))
(/usr/share/texlive/texmf-dist/tex/xelatex/xunicode/xunicode.sty
File: xunicode.sty 2011/09/09 v0.981 provides access to latin accents and many 
other characters in Unicode lower plane

*** you should *not* be loading the inputenc package
*** XeTeX expects the source to be in UTF8 encoding
*** some features of other encodings may conflict, resulting in poor output.
(/usr/share/texmf/tex/latex/tipa/t3enc.def
File: t3enc.def 2001/12/31 T3 encoding
Now handling font encoding T3 ...
... no UTF-8 mapping file for font encoding T3
LaTeX Font Info:    Try loading font information for EU1+lmss on input line 357
.

(/usr/share/texlive/texmf-dist/tex/latex/euenc/eu1lmss.fd
File: eu1lmss.fd 2009/10/30 v1.6 Font defs for Latin Modern
))
\tipaTiiicode=\count159
\tipasavetokens=\toks30
\tipachecktokens=\toks31
)
.................................................
. LaTeX info: "xparse/define-command"
. 
. Defining document command \fontspec with arg. spec. 'O{}m' on line 41.
.................................................
.................................................
. LaTeX info: "xparse/define-command"
. 
. Defining document command \setmainfont with arg. spec. 'O{}m' on line 46.
.................................................
.................................................
. LaTeX info: "xparse/define-command"
. 
. Defining document command \setsansfont with arg. spec. 'O{}m' on line 51.
.................................................
.................................................
. LaTeX info: "xparse/define-command"
. 
. Defining document command \setmonofont with arg. spec. 'O{}m' on line 56.
.................................................
.................................................
. LaTeX info: "xparse/define-command"
. 
. Defining document command \setmathrm with arg. spec. 'O{}m' on line 65.
.................................................
.................................................
. LaTeX info: "xparse/define-command"
. 
. Defining document command \setboldmathrm with arg. spec. 'O{}m' on line 69.
.................................................
.................................................
. LaTeX info: "xparse/define-command"
. 
. Defining document command \setmathsf with arg. spec. 'O{}m' on line 73.
.................................................
.................................................
. LaTeX info: "xparse/define-command"
. 
. Defining document command \setmathtt with arg. spec. 'O{}m' on line 77.
.................................................
.................................................
. LaTeX info: "xparse/define-command"
. 
. Defining document command \newfontfamily with arg. spec. 'mO{}m' on line 96.
.................................................
.................................................
. LaTeX info: "xparse/define-command"
. 
. Defining document command \newfontface with arg. spec. 'mO{}m' on line 100.
.................................................
.................................................
. LaTeX info: "xparse/define-command"
. 
. Defining document command \defaultfontfeatures with arg. spec. 'om' on line
. 108.
.................................................
.................................................
. LaTeX info: "xparse/define-command"
. 
. Defining document command \addfontfeatures with arg. spec. 'm' on line 144.
.................................................
.................................................
. LaTeX info: "xparse/define-command"
. 
. Defining document command \newfontfeature with arg. spec. 'mm' on line 156.
.................................................
.................................................
. LaTeX info: "xparse/define-command"
. 
. Defining document command \newAATfeature with arg. spec. 'mmmm' on line 164.
.................................................
.................................................
. LaTeX info: "xparse/define-command"
. 
. Defining document command \newICUfeature with arg. spec. 'mmm' on line 172.
.................................................
.................................................
. LaTeX info: "xparse/define-command"
. 
. Defining document command \aliasfontfeature with arg. spec. 'mm' on line
. 201.
.................................................
.................................................
. LaTeX info: "xparse/define-command"
. 
. Defining document command \aliasfontfeatureoption with arg. spec. 'mmm' on
. line 203.
.................................................
.................................................
. LaTeX info: "xparse/define-command"
. 
. Defining document command \newfontscript with arg. spec. 'mm' on line 208.
.................................................
.................................................
. LaTeX info: "xparse/define-command"
. 
. Defining document command \newfontlanguage with arg. spec. 'mm' on line 235.
.................................................
.................................................
. LaTeX info: "xparse/define-command"
. 
. Defining document command \DeclareFontsExtensions with arg. spec. 'm' on
. line 256.
.................................................
Variant \prop_gput:cnV already defined; not changing it on line 582
Variant \prop_gput:cnx already defined; not changing it on line 583
\l_fontspec_tmp_int=\count160
LaTeX Info: Redefining \itshape on input line 2087.
LaTeX Info: Redefining \slshape on input line 2092.
LaTeX Info: Redefining \scshape on input line 2097.
LaTeX Info: Redefining \upshape on input line 2102.

(/usr/share/texlive/texmf-dist/tex/latex/fontspec/fontspec.cfg)))
\g__file_internal_ior=\read3
\g_fontspec_family_AR PL UKai TW_int=\count161
.................................................
. fontspec info: "no-font-shape"
. 
. Could not resolve font AR PL UKai TW/B (it probably doesn't exist).
.................................................
.................................................
. fontspec info: "no-font-shape"
. 
. Could not resolve font AR PL UKai TW/I (it probably doesn't exist).
.................................................
.................................................
. fontspec info: "no-font-shape"
. 
. Could not resolve font AR PL UKai TW/BI (it probably doesn't exist).
.................................................
.................................................
. fontspec info: "defining-font"
. 
. Font family 'ARPLUKaiTW(0)' created for font 'AR PL UKai TW' with options
. [].
. 
. This font family consists of the following shapes:
. 
. * 'normal' with NFSS spec.:
. <->"AR PL UKai TW/ICU:script=latn;language=DFLT;"
.................................................
.................................................
. fontspec info: "defining-font"
. 
. Font family 'ARPLUKaiTW(0)' created for font 'AR PL UKai TW' with options
. [].
. 
. This font family consists of the following shapes:
.................................................
.................................................
. fontspec info: "defining-font"
. 
. Font family 'ARPLUKaiTW(0)' created for font 'AR PL UKai TW' with options
. [].
. 
. This font family consists of the following shapes:
.................................................
.................................................
. fontspec info: "defining-font"
. 
. Font family 'ARPLUKaiTW(0)' created for font 'AR PL UKai TW' with options
. [].
. 
. This font family consists of the following shapes:
.................................................
\@indexfile=\write5
\openout5 = `sphinx.idx'.


Writing index file sphinx.idx
(./sphinx.aux)
\openout1 = `sphinx.aux'.

LaTeX Font Info:    Checking defaults for OML/cmm/m/it on input line 126.
LaTeX Font Info:    ... okay on input line 126.
LaTeX Font Info:    Checking defaults for T1/cmr/m/n on input line 126.
LaTeX Font Info:    ... okay on input line 126.
LaTeX Font Info:    Checking defaults for OT1/cmr/m/n on input line 126.
LaTeX Font Info:    ... okay on input line 126.
LaTeX Font Info:    Checking defaults for OMS/cmsy/m/n on input line 126.
LaTeX Font Info:    ... okay on input line 126.
LaTeX Font Info:    Checking defaults for OMX/cmex/m/n on input line 126.
LaTeX Font Info:    ... okay on input line 126.
LaTeX Font Info:    Checking defaults for U/cmr/m/n on input line 126.
LaTeX Font Info:    ... okay on input line 126.
LaTeX Font Info:    Checking defaults for TS1/cmr/m/n on input line 126.
LaTeX Font Info:    Try loading font information for TS1+cmr on input line 126.

 (/usr/share/texlive/texmf-dist/tex/latex/base/ts1cmr.fd
File: ts1cmr.fd 1999/05/25 v2.5h Standard LaTeX font definitions
)
LaTeX Font Info:    ... okay on input line 126.
LaTeX Font Info:    Checking defaults for PD1/pdf/m/n on input line 126.
LaTeX Font Info:    ... okay on input line 126.
LaTeX Font Info:    Checking defaults for PU/pdf/m/n on input line 126.
LaTeX Font Info:    ... okay on input line 126.
LaTeX Font Info:    Checking defaults for EU1/lmr/m/n on input line 126.
LaTeX Font Info:    ... okay on input line 126.
LaTeX Font Info:    Checking defaults for T3/cmr/m/n on input line 126.
LaTeX Font Info:    Try loading font information for T3+cmr on input line 126.

(/usr/share/texmf/tex/latex/tipa/t3cmr.fd
File: t3cmr.fd 2001/12/31 TIPA font definitions
)
LaTeX Font Info:    ... okay on input line 126.
\AtBeginShipoutBox=\box56
Package hyperref Info: Link coloring ON on input line 126.

(/usr/share/texlive/texmf-dist/tex/latex/hyperref/nameref.sty
Package: nameref 2012/10/27 v2.43 Cross-referencing by name of section

(/usr/share/texlive/texmf-dist/tex/generic/oberdiek/gettitlestring.sty
Package: gettitlestring 2010/12/03 v1.4 Cleanup title references (HO)
)
\c@section@level=\count162
)
LaTeX Info: Redefining \ref on input line 126.
LaTeX Info: Redefining \pageref on input line 126.
LaTeX Info: Redefining \nameref on input line 126.

(./sphinx.out) (./sphinx.out)
\@outlinefile=\write6
\openout6 = `sphinx.out'.


*** you should *not* be loading the inputenc package
*** XeTeX expects the source to be in UTF8 encoding
*** some features of other encodings may conflict, resulting in poor output.
.................................................
. fontspec info: "setup-math"
. 
. Adjusting the maths setup (use [no-math] to avoid this).
.................................................
\symlegacymaths=\mathgroup4
LaTeX Font Info:    Overwriting symbol font `legacymaths' in version `bold'
(Font)                  OT1/cmr/m/n --> OT1/cmr/bx/n on input line 126.
LaTeX Font Info:    Redeclaring math accent \acute on input line 126.
LaTeX Font Info:    Redeclaring math accent \grave on input line 126.
LaTeX Font Info:    Redeclaring math accent \ddot on input line 126.
LaTeX Font Info:    Redeclaring math accent \tilde on input line 126.
LaTeX Font Info:    Redeclaring math accent \bar on input line 126.
LaTeX Font Info:    Redeclaring math accent \breve on input line 126.
LaTeX Font Info:    Redeclaring math accent \check on input line 126.
LaTeX Font Info:    Redeclaring math accent \hat on input line 126.
LaTeX Font Info:    Redeclaring math accent \dot on input line 126.
LaTeX Font Info:    Redeclaring math accent \mathring on input line 126.
LaTeX Font Info:    Redeclaring math symbol \Gamma on input line 126.
LaTeX Font Info:    Redeclaring math symbol \Delta on input line 126.
LaTeX Font Info:    Redeclaring math symbol \Theta on input line 126.
LaTeX Font Info:    Redeclaring math symbol \Lambda on input line 126.
LaTeX Font Info:    Redeclaring math symbol \Xi on input line 126.
LaTeX Font Info:    Redeclaring math symbol \Pi on input line 126.
LaTeX Font Info:    Redeclaring math symbol \Sigma on input line 126.
LaTeX Font Info:    Redeclaring math symbol \Upsilon on input line 126.
LaTeX Font Info:    Redeclaring math symbol \Phi on input line 126.
LaTeX Font Info:    Redeclaring math symbol \Psi on input line 126.
LaTeX Font Info:    Redeclaring math symbol \Omega on input line 126.
LaTeX Font Info:    Redeclaring math symbol \mathdollar on input line 126.
LaTeX Font Info:    Redeclaring symbol font `operators' on input line 126.
LaTeX Font Info:    Encoding `OT1' has changed to `EU1' for symbol font
(Font)              `operators' in the math version `normal' on input line 126.

LaTeX Font Info:    Overwriting symbol font `operators' in version `normal'
(Font)                  OT1/cmr/m/n --> EU1/ARPLUKaiTW(0)/m/n on input line 126
.
LaTeX Font Info:    Encoding `OT1' has changed to `EU1' for symbol font
(Font)              `operators' in the math version `bold' on input line 126.
LaTeX Font Info:    Overwriting symbol font `operators' in version `bold'
(Font)                  OT1/cmr/bx/n --> EU1/ARPLUKaiTW(0)/m/n on input line 12
6.
LaTeX Font Info:    Overwriting symbol font `operators' in version `normal'
(Font)                  EU1/ARPLUKaiTW(0)/m/n --> EU1/ARPLUKaiTW(0)/m/n on inpu
t line 126.
LaTeX Font Info:    Overwriting math alphabet `\mathrm' in version `normal'
(Font)                  EU1/ARPLUKaiTW(0)/m/n --> EU1/ARPLUKaiTW(0)/m/n on inpu
t line 126.
LaTeX Font Info:    Overwriting math alphabet `\mathit' in version `normal'
(Font)                  OT1/cmr/m/it --> EU1/ARPLUKaiTW(0)/m/it on input line 1
26.
LaTeX Font Info:    Overwriting math alphabet `\mathbf' in version `normal'
(Font)                  OT1/cmr/bx/n --> EU1/ARPLUKaiTW(0)/bx/n on input line 1
26.
LaTeX Font Info:    Overwriting math alphabet `\mathsf' in version `normal'
(Font)                  OT1/cmss/m/n --> EU1/ARPLUKaiTW(0)/m/n on input line 12
6.
LaTeX Font Info:    Overwriting math alphabet `\mathtt' in version `normal'
(Font)                  OT1/cmtt/m/n --> EU1/ARPLUKaiTW(0)/m/n on input line 12
6.
LaTeX Font Info:    Overwriting symbol font `operators' in version `bold'
(Font)                  EU1/ARPLUKaiTW(0)/m/n --> EU1/ARPLUKaiTW(0)/bx/n on inp
ut line 126.
LaTeX Font Info:    Overwriting math alphabet `\mathrm' in version `bold'
(Font)                  EU1/ARPLUKaiTW(0)/m/n --> EU1/ARPLUKaiTW(0)/bx/n on inp
ut line 126.
LaTeX Font Info:    Overwriting math alphabet `\mathit' in version `bold'
(Font)                  OT1/cmr/bx/it --> EU1/ARPLUKaiTW(0)/bx/it on input line
 126.
LaTeX Font Info:    Overwriting math alphabet `\mathsf' in version `bold'
(Font)                  OT1/cmss/bx/n --> EU1/ARPLUKaiTW(0)/bx/n on input line 
126.
LaTeX Font Info:    Overwriting math alphabet `\mathtt' in version `bold'
(Font)                  OT1/cmtt/m/n --> EU1/ARPLUKaiTW(0)/bx/n on input line 1
26.

LaTeX Font Warning: Font shape `EU1/ARPLUKaiTW(0)/bx/n' undefined
(Font)              using `EU1/ARPLUKaiTW(0)/m/n' instead on input line 129.


LaTeX Font Warning: Font shape `EU1/ARPLUKaiTW(0)/m/it' undefined
(Font)              using `EU1/ARPLUKaiTW(0)/m/n' instead on input line 129.


LaTeX Font Warning: Font shape `EU1/ARPLUKaiTW(0)/bx/it' undefined
(Font)              using `EU1/ARPLUKaiTW(0)/bx/n' instead on input line 129.

(/usr/share/texlive/texmf-dist/tex/generic/oberdiek/se-ascii-print.def
File: se-ascii-print.def 2011/12/02 v1.10 stringenc: Printable ASCII characters

)
[1

] [2

] (./sphinx.toc [1

])
\tf@toc=\write7
\openout7 = `sphinx.toc'.

 [2]

Package Fancyhdr Warning: \headheight is too small (12.0pt): 
 Make it at least 12.0473pt.
 We now make it that large for the rest of the document.
 This may cause the page layout to be inconsistent, however.

[1

] [2

]
Chapter 1.
[3] [4] [5] [6]
Chapter 2.
File: Python-Download-001.png Graphic file (type QTm)
<use  "Python-Download-001.png" >
File: Python-Download-001.png Graphic file (type QTm)
 <use  "Python-Download-001.png" >
File: Python-Download-002.png Graphic file (type QTm)

<use  "Python-Download-002.png" >
File: Python-Download-002.png Graphic file (type QTm)
 <use  "Python-Download-002.png" > [7

]
File: Python-Install-001.png Graphic file (type QTm)

<use  "Python-Install-001.png" >
File: Python-Install-001.png Graphic file (type QTm)
 <use  "Python-Install-001.png" > [8]
File: Python-Install-002.png Graphic file (type QTm)

<use  "Python-Install-002.png" >
File: Python-Install-002.png Graphic file (type QTm)
 <use  "Python-Install-002.png" > [9]
File: Python-Install-003.png Graphic file (type QTm)

<use  "Python-Install-003.png" >
File: Python-Install-003.png Graphic file (type QTm)
 <use  "Python-Install-003.png" > [10]
File: Python-Install-004.png Graphic file (type QTm)

<use  "Python-Install-004.png" >
File: Python-Install-004.png Graphic file (type QTm)
 <use  "Python-Install-004.png" > [11]
File: Python-Install-005.png Graphic file (type QTm)

<use  "Python-Install-005.png" >
File: Python-Install-005.png Graphic file (type QTm)
 <use  "Python-Install-005.png" > [12]
File: Python-Install-006.png Graphic file (type QTm)

<use  "Python-Install-006.png" >
File: Python-Install-006.png Graphic file (type QTm)
 <use  "Python-Install-006.png" > [13]
File: Python-ezSetup-001.png Graphic file (type QTm)

<use  "Python-ezSetup-001.png" >
File: Python-ezSetup-001.png Graphic file (type QTm)
 <use  "Python-ezSetup-001.png" > [14]
File: Python-ezSetup-002.png Graphic file (type QTm)

<use  "Python-ezSetup-002.png" >
File: Python-ezSetup-002.png Graphic file (type QTm)
 <use  "Python-ezSetup-002.png" >
File: Python-Sphinx-001.png Graphic file (type QTm)

<use  "Python-Sphinx-001.png" >
File: Python-Sphinx-001.png Graphic file (type QTm)
 <use  "Python-Sphinx-001.png" > [15]
File: Python-Sphinx-002.png Graphic file (type QTm)

<use  "Python-Sphinx-002.png" >
File: Python-Sphinx-002.png Graphic file (type QTm)
 <use  "Python-Sphinx-002.png" >
File: Python-Sphinx-003.png Graphic file (type QTm)

<use  "Python-Sphinx-003.png" >
File: Python-Sphinx-003.png Graphic file (type QTm)
 <use  "Python-Sphinx-003.png" > [16] [17]
[18

]
Chapter 3.
Missing character: There is no  in font AR PL UKai TW/OT:script=latn;language=
DFLT;!
Missing character: There is no  in font AR PL UKai TW/OT:script=latn;language=
DFLT;!
[19]
File: gitolite3-configureing.png Graphic file (type QTm)
 <use  "gitolite3-configureing.png" >
File: gitolite3-configureing.png Graphic file (type QTm)
 <use  "gitolite3-configureing.png" >
File: ssh-keygen.png Graphic file (type QTm)

<use  "ssh-keygen.png" >
File: ssh-keygen.png Graphic file (type QTm)
 <use  "ssh-keygen.png" > [20]
File: ssh-keygen2.png Graphic file (type QTm)

<use  "ssh-keygen2.png" >
File: ssh-keygen2.png Graphic file (type QTm)
 <use  "ssh-keygen2.png" >
File: gitolite3-username.png Graphic file (type QTm)

<use  "gitolite3-username.png" >
File: gitolite3-username.png Graphic file (type QTm)
 <use  "gitolite3-username.png" > [21]
File: gitolite3-repository-path.png Graphic file (type QTm)

<use  "gitolite3-repository-path.png" >
File: gitolite3-repository-path.png Graphic file (type QTm)

<use  "gitolite3-repository-path.png" >
File: gitolite3-admin-sshkey.png Graphic file (type QTm)
 <use  "gitolite3-admin-sshkey.png" >
File: gitolite3-admin-sshkey.png Graphic file (type QTm)

<use  "gitolite3-admin-sshkey.png" >
File: gitolite3-cmd.png Graphic file (type QTm)
 <use  "gitolite3-cmd.png" >
File: gitolite3-cmd.png Graphic file (type QTm)

<use  "gitolite3-cmd.png" >
File: gitolite3-list.png Graphic file (type QTm)
 <use  "gitolite3-list.png" >
File: gitolite3-list.png Graphic file (type QTm)

<use  "gitolite3-list.png" > [22]
File: gitolite3-admin-tree.png Graphic file (type QTm)
 <use  "gitolite3-admin-tree.png" >
File: gitolite3-admin-tree.png Graphic file (type QTm)

<use  "gitolite3-admin-tree.png" >
File: gitolite3-admin-config.png Graphic file (type QTm)
 <use  "gitolite3-admin-config.png" >
File: gitolite3-admin-config.png Graphic file (type QTm)

<use  "gitolite3-admin-config.png" > [23]
File: gitolite3-adduser-1.png Graphic file (type QTm)
 <use  "gitolite3-adduser-1.png" >
File: gitolite3-adduser-1.png Graphic file (type QTm)

<use  "gitolite3-adduser-1.png" >
File: gitolite3-adduser-2.png Graphic file (type QTm)
 <use  "gitolite3-adduser-2.png" >
File: gitolite3-adduser-2.png Graphic file (type QTm)

<use  "gitolite3-adduser-2.png" >
File: gitolite3-adduser-3.png Graphic file (type QTm)
 <use  "gitolite3-adduser-3.png" >
File: gitolite3-adduser-3.png Graphic file (type QTm)

<use  "gitolite3-adduser-3.png" > [24]
File: gitolite3-addrepo-1.png Graphic file (type QTm)
 <use  "gitolite3-addrepo-1.png" >
File: gitolite3-addrepo-1.png Graphic file (type QTm)

<use  "gitolite3-addrepo-1.png" > [25]
File: gitolite3-addrepo-2.png Graphic file (type QTm)
 <use  "gitolite3-addrepo-2.png" >
File: gitolite3-addrepo-2.png Graphic file (type QTm)

<use  "gitolite3-addrepo-2.png" >
File: gitolite3-addrepo-3.png Graphic file (type QTm)
 <use  "gitolite3-addrepo-3.png" >
File: gitolite3-addrepo-3.png Graphic file (type QTm)

<use  "gitolite3-addrepo-3.png" >
File: gitolite3-addrepo-4.png Graphic file (type QTm)
 <use  "gitolite3-addrepo-4.png" >
File: gitolite3-addrepo-4.png Graphic file (type QTm)

<use  "gitolite3-addrepo-4.png" > [26]
File: gitolite3-addrepo-5.png Graphic file (type QTm)
 <use  "gitolite3-addrepo-5.png" >
File: gitolite3-addrepo-5.png Graphic file (type QTm)

<use  "gitolite3-addrepo-5.png" >
File: gitolite3-cgi-1.png Graphic file (type QTm)
 <use  "gitolite3-cgi-1.png" >
File: gitolite3-cgi-1.png Graphic file (type QTm)

<use  "gitolite3-cgi-1.png" > [27]
File: gitolite3-gitweb-1.png Graphic file (type QTm)
 <use  "gitolite3-gitweb-1.png" >
File: gitolite3-gitweb-1.png Graphic file (type QTm)

<use  "gitolite3-gitweb-1.png" >
File: gitolite3-gitweb-2.png Graphic file (type QTm)
 <use  "gitolite3-gitweb-2.png" > [28]
File: gitolite3-gitweb-2.png Graphic file (type QTm)

<use  "gitolite3-gitweb-2.png" >
File: gitolite3-gitweb-3.png Graphic file (type QTm)
 <use  "gitolite3-gitweb-3.png" >
File: gitolite3-gitweb-3.png Graphic file (type QTm)

<use  "gitolite3-gitweb-3.png" > [29] [30

]
Chapter 4.
[31] [32

]
Chapter 5.
File: puttygen-001.png Graphic file (type QTm)
<use  "puttygen-001.png" >
File: puttygen-001.png Graphic file (type QTm)
 <use  "puttygen-001.png" > [33]
File: puttygen-002.png Graphic file (type QTm)

<use  "puttygen-002.png" >
File: puttygen-002.png Graphic file (type QTm)
 <use  "puttygen-002.png" > [34]
File: puttygen-003.png Graphic file (type QTm)

<use  "puttygen-003.png" >
File: puttygen-003.png Graphic file (type QTm)
 <use  "puttygen-003.png" > [35]
File: puttygen-004.png Graphic file (type QTm)

<use  "puttygen-004.png" >
File: puttygen-004.png Graphic file (type QTm)
 <use  "puttygen-004.png" > [36]
File: puttygen-005.png Graphic file (type QTm)

<use  "puttygen-005.png" >
File: puttygen-005.png Graphic file (type QTm)
 <use  "puttygen-005.png" > [37] [38]
File: puttygen-006.png Graphic file (type QTm)

<use  "puttygen-006.png" >
File: puttygen-006.png Graphic file (type QTm)
 <use  "puttygen-006.png" >
File: gitBash-001.png Graphic file (type QTm)

<use  "gitBash-001.png" >
File: gitBash-001.png Graphic file (type QTm)
 <use  "gitBash-001.png" > [39]
File: gitBash-002.png Graphic file (type QTm)

<use  "gitBash-002.png" >
File: gitBash-002.png Graphic file (type QTm)
 <use  "gitBash-002.png" > [40]
File: gitBash-003.png Graphic file (type QTm)

<use  "gitBash-003.png" >
File: gitBash-003.png Graphic file (type QTm)
 <use  "gitBash-003.png" > [41]
File: ssh-keygen-help.png Graphic file (type QTm)

<use  "ssh-keygen-help.png" >
File: ssh-keygen-help.png Graphic file (type QTm)
 <use  "ssh-keygen-help.png" > [42]
File: openssh-putty-001.png Graphic file (type QTm)

<use  "openssh-putty-001.png" >
File: openssh-putty-001.png Graphic file (type QTm)
 <use  "openssh-putty-001.png" >
File: openssh-putty-002.png Graphic file (type QTm)

<use  "openssh-putty-002.png" >
File: openssh-putty-002.png Graphic file (type QTm)
 <use  "openssh-putty-002.png" > [43]
File: openssh-putty-003.png Graphic file (type QTm)

<use  "openssh-putty-003.png" >
File: openssh-putty-003.png Graphic file (type QTm)
 <use  "openssh-putty-003.png" > [44]
File: openssh-putty-004.png Graphic file (type QTm)

<use  "openssh-putty-004.png" >
File: openssh-putty-004.png Graphic file (type QTm)
 <use  "openssh-putty-004.png" > [45]
File: openssh-putty-005.png Graphic file (type QTm)

<use  "openssh-putty-005.png" >
File: openssh-putty-005.png Graphic file (type QTm)
 <use  "openssh-putty-005.png" >
File: openssh-putty-006.png Graphic file (type QTm)

<use  "openssh-putty-006.png" >
File: openssh-putty-006.png Graphic file (type QTm)
 <use  "openssh-putty-006.png" > [46]
File: openssh-putty-007.png Graphic file (type QTm)

<use  "openssh-putty-007.png" >
File: openssh-putty-007.png Graphic file (type QTm)
 <use  "openssh-putty-007.png" > [47]
File: openssh-putty-008.png Graphic file (type QTm)

<use  "openssh-putty-008.png" >
File: openssh-putty-008.png Graphic file (type QTm)
 <use  "openssh-putty-008.png" > [48]
File: pageant-001.png Graphic file (type QTm)

<use  "pageant-001.png" >
File: pageant-001.png Graphic file (type QTm)
 <use  "pageant-001.png" > [49]
File: pageant-002.png Graphic file (type QTm)

<use  "pageant-002.png" >
File: pageant-002.png Graphic file (type QTm)
 <use  "pageant-002.png" > [50]
File: pageant-003.png Graphic file (type QTm)

<use  "pageant-003.png" >
File: pageant-003.png Graphic file (type QTm)
 <use  "pageant-003.png" >
File: pageant-004.png Graphic file (type QTm)
 <use  "pageant-004.png" >
File: pageant-004.png Graphic file (type QTm)

<use  "pageant-004.png" > [51]
File: pageant-005.png Graphic file (type QTm)
 <use  "pageant-005.png" >
File: pageant-005.png Graphic file (type QTm)

<use  "pageant-005.png" > [52]
File: tortoisegit-clone-001.png Graphic file (type QTm)
 <use  "tortoisegit-clone-001.png" >
File: tortoisegit-clone-001.png Graphic file (type QTm)

<use  "tortoisegit-clone-001.png" > [53]
Underfull \hbox (badness 10000) in paragraph at lines 1222--1223
\EU1/ARPLUKaiTW(0)/m/it/10  URL            URL  ssh:// git@allen.
go38.net/ user2.git 
 []

File: tortoisegit-clone-002.png Graphic file (type QTm)
<use  "tortoisegit-clone-002.png" >
File: tortoisegit-clone-002.png Graphic file (type QTm)
 <use  "tortoisegit-clone-002.png" >
[54]
File: tortoisegit-clone-003.png Graphic file (type QTm)
 <use  "tortoisegit-clone-003.png" >
File: tortoisegit-clone-003.png Graphic file (type QTm)
 <use  "tortoisegit-clone-003.png" >
File: tortoisegit-clone-004.png Graphic file (type QTm)

<use  "tortoisegit-clone-004.png" >
File: tortoisegit-clone-004.png Graphic file (type QTm)
 <use  "tortoisegit-clone-004.png" >
[55]
File: tortoisegit-clone-005.png Graphic file (type QTm)
 <use  "tortoisegit-clone-005.png" >
File: tortoisegit-clone-005.png Graphic file (type QTm)
 <use  "tortoisegit-clone-005.png" >
File: tortoisegit-clone-006.png Graphic file (type QTm)

<use  "tortoisegit-clone-006.png" >
File: tortoisegit-clone-006.png Graphic file (type QTm)
 <use  "tortoisegit-clone-006.png" >
[56]
File: tortoisegit-clone-007.png Graphic file (type QTm)
 <use  "tortoisegit-clone-007.png" >
File: tortoisegit-clone-007.png Graphic file (type QTm)
 <use  "tortoisegit-clone-007.png" >
[57]
File: tortoisegit-push-001.png Graphic file (type QTm)
 <use  "tortoisegit-push-001.png" >
File: tortoisegit-push-001.png Graphic file (type QTm)
 <use  "tortoisegit-push-001.png" >
File: tortoisegit-push-002.png Graphic file (type QTm)

<use  "tortoisegit-push-002.png" >
File: tortoisegit-push-002.png Graphic file (type QTm)
 <use  "tortoisegit-push-002.png" > [58]
File: tortoisegit-push-003.png Graphic file (type QTm)

<use  "tortoisegit-push-003.png" >
File: tortoisegit-push-003.png Graphic file (type QTm)
 <use  "tortoisegit-push-003.png" >
File: tortoisegit-push-004.png Graphic file (type QTm)

<use  "tortoisegit-push-004.png" >
File: tortoisegit-push-004.png Graphic file (type QTm)
 <use  "tortoisegit-push-004.png" > [59]
File: tortoisegit-push-005.png Graphic file (type QTm)

<use  "tortoisegit-push-005.png" >
File: tortoisegit-push-005.png Graphic file (type QTm)
 <use  "tortoisegit-push-005.png" > [60]
File: tortoisegit-push-006.png Graphic file (type QTm)

<use  "tortoisegit-push-006.png" >
File: tortoisegit-push-006.png Graphic file (type QTm)
 <use  "tortoisegit-push-006.png" > [61]
File: tortoisegit-push-007.png Graphic file (type QTm)

<use  "tortoisegit-push-007.png" >
File: tortoisegit-push-007.png Graphic file (type QTm)
 <use  "tortoisegit-push-007.png" >
File: tortoisegit-push-008.png Graphic file (type QTm)

<use  "tortoisegit-push-008.png" >
File: tortoisegit-push-008.png Graphic file (type QTm)
 <use  "tortoisegit-push-008.png" > [62]
File: tortoisegit-push-009.png Graphic file (type QTm)

<use  "tortoisegit-push-009.png" >
File: tortoisegit-push-009.png Graphic file (type QTm)
 <use  "tortoisegit-push-009.png" > [63]
File: gitbash-clone-001.png Graphic file (type QTm)

<use  "gitbash-clone-001.png" >
File: gitbash-clone-001.png Graphic file (type QTm)
 <use  "gitbash-clone-001.png" > [64]
File: gitbash-clone-002.png Graphic file (type QTm)

<use  "gitbash-clone-002.png" >
File: gitbash-clone-002.png Graphic file (type QTm)
 <use  "gitbash-clone-002.png" >
File: gitbash-clone-003.png Graphic file (type QTm)

<use  "gitbash-clone-003.png" >
File: gitbash-clone-003.png Graphic file (type QTm)
 <use  "gitbash-clone-003.png" > [65]
File: gitBash-push-001.png Graphic file (type QTm)

<use  "gitBash-push-001.png" >
File: gitBash-push-001.png Graphic file (type QTm)
 <use  "gitBash-push-001.png" >
File: gitBash-push-002.png Graphic file (type QTm)

<use  "gitBash-push-002.png" >
File: gitBash-push-002.png Graphic file (type QTm)
 <use  "gitBash-push-002.png" >
File: gitBash-push-003.png Graphic file (type QTm)

<use  "gitBash-push-003.png" >
File: gitBash-push-003.png Graphic file (type QTm)
 <use  "gitBash-push-003.png" > [66]
File: gitBash-push-004.png Graphic file (type QTm)

<use  "gitBash-push-004.png" >
File: gitBash-push-004.png Graphic file (type QTm)
 <use  "gitBash-push-004.png" > [67]
File: gitBash-push-005.png Graphic file (type QTm)

<use  "gitBash-push-005.png" >
File: gitBash-push-005.png Graphic file (type QTm)
 <use  "gitBash-push-005.png" > [68]
File: gitBash-push-006.png Graphic file (type QTm)

<use  "gitBash-push-006.png" >
File: gitBash-push-006.png Graphic file (type QTm)
 <use  "gitBash-push-006.png" > [69]
File: gitweb-001.png Graphic file (type QTm)

<use  "gitweb-001.png" >
File: gitweb-001.png Graphic file (type QTm)
 <use  "gitweb-001.png" > [70]
File: gitweb-002.png Graphic file (type QTm)

<use  "gitweb-002.png" >
File: gitweb-002.png Graphic file (type QTm)
 <use  "gitweb-002.png" >
File: gitweb-003.png Graphic file (type QTm)
 <use  "gitweb-003.png" >
File: gitweb-003.png Graphic file (type QTm)

<use  "gitweb-003.png" > [71]
File: gitweb-004.png Graphic file (type QTm)
 <use  "gitweb-004.png" >
File: gitweb-004.png Graphic file (type QTm)

<use  "gitweb-004.png" >
File: gitweb-005.png Graphic file (type QTm)
 <use  "gitweb-005.png" >
File: gitweb-005.png Graphic file (type QTm)
 <use  "gitweb-005.png" >
[72]
File: gitweb-006.png Graphic file (type QTm)
 <use  "gitweb-006.png" >
File: gitweb-006.png Graphic file (type QTm)
 <use  "gitweb-006.png" > [73] [74

]
Chapter 6.
[75] [76

]
Chapter 7.
[77] [78

]
Chapter 8.
File: Flowchart.png Graphic file (type QTm)
<use  "Flowchart.png" >
File: Flowchart.png Graphic file (type QTm)
 <use  "Flowchart.png" > [79]
File: GitHub-Install-001.png Graphic file (type QTm)

<use  "GitHub-Install-001.png" >
File: GitHub-Install-001.png Graphic file (type QTm)
 <use  "GitHub-Install-001.png" >
File: GitHub-Install-002.png Graphic file (type QTm)

<use  "GitHub-Install-002.png" >
File: GitHub-Install-002.png Graphic file (type QTm)
 <use  "GitHub-Install-002.png" >
File: GitHub-Install-003.png Graphic file (type QTm)

<use  "GitHub-Install-003.png" >
File: GitHub-Install-003.png Graphic file (type QTm)
 <use  "GitHub-Install-003.png" > [80] [81]
File: GitHub-Install-004.png Graphic file (type QTm)

<use  "GitHub-Install-004.png" >
File: GitHub-Install-004.png Graphic file (type QTm)
 <use  "GitHub-Install-004.png" >
File: GitHub-Install-005.png Graphic file (type QTm)

<use  "GitHub-Install-005.png" >
File: GitHub-Install-005.png Graphic file (type QTm)
 <use  "GitHub-Install-005.png" >
File: GitHub-Install-006.png Graphic file (type QTm)

<use  "GitHub-Install-006.png" >
File: GitHub-Install-006.png Graphic file (type QTm)
 <use  "GitHub-Install-006.png" > [82]
File: GitHub-Install-007.png Graphic file (type QTm)

<use  "GitHub-Install-007.png" >
File: GitHub-Install-007.png Graphic file (type QTm)
 <use  "GitHub-Install-007.png" >
File: GitHub-Install-008.png Graphic file (type QTm)

<use  "GitHub-Install-008.png" >
File: GitHub-Install-008.png Graphic file (type QTm)
 <use  "GitHub-Install-008.png" > [83]
File: GitHub-Clone-001.png Graphic file (type QTm)

<use  "GitHub-Clone-001.png" >
File: GitHub-Clone-001.png Graphic file (type QTm)
 <use  "GitHub-Clone-001.png" > [84]
File: GitHub-Clone-002.png Graphic file (type QTm)

<use  "GitHub-Clone-002.png" >
File: GitHub-Clone-002.png Graphic file (type QTm)
 <use  "GitHub-Clone-002.png" >
File: GitHub-Clone-003.png Graphic file (type QTm)

<use  "GitHub-Clone-003.png" >
File: GitHub-Clone-003.png Graphic file (type QTm)
 <use  "GitHub-Clone-003.png" >
File: GitHub-Clone-004.png Graphic file (type QTm)

<use  "GitHub-Clone-004.png" >
File: GitHub-Clone-004.png Graphic file (type QTm)
 <use  "GitHub-Clone-004.png" > [85]
File: GitHub-Clone-005.png Graphic file (type QTm)

<use  "GitHub-Clone-005.png" >
File: GitHub-Clone-005.png Graphic file (type QTm)
 <use  "GitHub-Clone-005.png" > [86]
File: GitHub-Clone-006.png Graphic file (type QTm)

<use  "GitHub-Clone-006.png" >
File: GitHub-Clone-006.png Graphic file (type QTm)
 <use  "GitHub-Clone-006.png" > [87]
File: GitHub-Commit-001.png Graphic file (type QTm)

<use  "GitHub-Commit-001.png" >
File: GitHub-Commit-001.png Graphic file (type QTm)
 <use  "GitHub-Commit-001.png" > [88]
File: GitHub-Commit-002.png Graphic file (type QTm)

<use  "GitHub-Commit-002.png" >
File: GitHub-Commit-002.png Graphic file (type QTm)
 <use  "GitHub-Commit-002.png" >
File: GitHub-Commit-003.png Graphic file (type QTm)

<use  "GitHub-Commit-003.png" >
File: GitHub-Commit-003.png Graphic file (type QTm)
 <use  "GitHub-Commit-003.png" > [89]
File: GitHub-Commit-004.png Graphic file (type QTm)

<use  "GitHub-Commit-004.png" >
File: GitHub-Commit-004.png Graphic file (type QTm)
 <use  "GitHub-Commit-004.png" > [90]
File: GitHub-sshkey.png Graphic file (type QTm)

<use  "GitHub-sshkey.png" >
File: GitHub-sshkey.png Graphic file (type QTm)
 <use  "GitHub-sshkey.png" >
File: GitHub-Shell-001.png Graphic file (type QTm)

<use  "GitHub-Shell-001.png" >
File: GitHub-Shell-001.png Graphic file (type QTm)
 <use  "GitHub-Shell-001.png" > [91]
File: GitHub-Option-001.png Graphic file (type QTm)

<use  "GitHub-Option-001.png" >
File: GitHub-Option-001.png Graphic file (type QTm)
 <use  "GitHub-Option-001.png" > [92]
File: GitHub-Option-002.png Graphic file (type QTm)

<use  "GitHub-Option-002.png" >
File: GitHub-Option-002.png Graphic file (type QTm)
 <use  "GitHub-Option-002.png" >
File: GitHub-AddOtherGit-001.png Graphic file (type QTm)

<use  "GitHub-AddOtherGit-001.png" >
File: GitHub-AddOtherGit-001.png Graphic file (type QTm)
 <use  "GitHub-AddOtherGit-001.png" >
[93]
File: GitHub-AddOtherGit-002.png Graphic file (type QTm)
 <use  "GitHub-AddOtherGit-002.png" >
File: GitHub-AddOtherGit-002.png Graphic file (type QTm)
 <use  "GitHub-AddOtherGit-002.png" >
File: GitHub-AddOtherGit-003.png Graphic file (type QTm)

<use  "GitHub-AddOtherGit-003.png" >
File: GitHub-AddOtherGit-003.png Graphic file (type QTm)
 <use  "GitHub-AddOtherGit-003.png" >
[94]
File: GitHub-DropToAdd-001.png Graphic file (type QTm)
 <use  "GitHub-DropToAdd-001.png" >
File: GitHub-DropToAdd-001.png Graphic file (type QTm)
 <use  "GitHub-DropToAdd-001.png" >
[95]
File: GitHub-DropToAdd-002.png Graphic file (type QTm)
 <use  "GitHub-DropToAdd-002.png" >
File: GitHub-DropToAdd-002.png Graphic file (type QTm)
 <use  "GitHub-DropToAdd-002.png" >
[96]
Chapter 9.
No file sphinx.ind.
Package atveryend Info: Empty hook `BeforeClearDocument' on input line 1816.
[97

]
Package atveryend Info: Empty hook `AfterLastShipout' on input line 1816.
 (./sphinx.aux)
Package atveryend Info: Empty hook `AtVeryEndDocument' on input line 1816.
Package atveryend Info: Empty hook `AtEndAfterFileList' on input line 1816.


LaTeX Font Warning: Some font shapes were not available, defaults substituted.

Package atveryend Info: Empty hook `AtVeryVeryEnd' on input line 1816.
 ) 
Here is how much of TeX's memory you used:
 23292 strings out of 495658
 418257 string characters out of 6187950
 478914 words of memory out of 5000000
 26082 multiletter control sequences out of 15000+600000
 7612 words of font info for 41 fonts, out of 8000000 for 9000
 15 hyphenation exceptions out of 8191
 38i,12n,48p,10417b,482s stack positions out of 5000i,500n,10000p,200000b,80000s

Output written on sphinx.pdf (101 pages).
